<?xml version="1.0" encoding="UTF-8"?>
<!-- Generated by org.testng.reporters.JUnitReportReporter -->
<testsuite skipped="0" hostname="LAPTOP-642ERP7L" name="com.vtiger.testcases.VtigerSmokeTestCases" tests="2" failures="0" timestamp="2020-01-11T22:57:47 GMT" time="40.372" errors="0">
  <testcase name="createLead" time="21.888" classname="com.vtiger.testcases.VtigerSmokeTestCases"/>
  <testcase name="leadData" time="18.484" classname="com.vtiger.testcases.VtigerSmokeTestCases"/>
</testsuite> <!-- com.vtiger.testcases.VtigerSmokeTestCases -->
