<?xml version="1.0" encoding="UTF-8"?>
<!-- Generated by org.testng.reporters.JUnitReportReporter -->
<testsuite skipped="0" hostname="LAPTOP-642ERP7L" name="com.vtiger.testcases.VtigerSmokeTestCases" tests="2" failures="0" timestamp="2020-01-09T23:11:49 GMT" time="63.651" errors="0">
  <testcase name="createLead" time="47.247" classname="com.vtiger.testcases.VtigerSmokeTestCases"/>
  <testcase name="leadData" time="16.404" classname="com.vtiger.testcases.VtigerSmokeTestCases"/>
</testsuite> <!-- com.vtiger.testcases.VtigerSmokeTestCases -->
