<?xml version="1.0" encoding="UTF-8"?>
<!-- Generated by org.testng.reporters.JUnitReportReporter -->
<testsuite skipped="0" hostname="LAPTOP-642ERP7L" name="com.vtiger.driver.DriverScript" tests="1" failures="0" timestamp="2020-01-26T10:52:43 GMT" time="14.380" errors="0">
  <testcase name="testcaseExecute" time="14.380" classname="com.vtiger.driver.DriverScript"/>
</testsuite> <!-- com.vtiger.driver.DriverScript -->
