<?xml version="1.0" encoding="UTF-8"?>
<!-- Generated by org.testng.reporters.JUnitReportReporter -->
<testsuite skipped="0" hostname="LAPTOP-642ERP7L" name="com.vtiger.testcases.VtigerSmokeTestCases" tests="2" failures="0" timestamp="2020-01-08T18:29:43 GMT" time="121.341" errors="0">
  <testcase name="createLead" time="75.404" classname="com.vtiger.testcases.VtigerSmokeTestCases"/>
  <testcase name="leadData" time="45.937" classname="com.vtiger.testcases.VtigerSmokeTestCases"/>
</testsuite> <!-- com.vtiger.testcases.VtigerSmokeTestCases -->
