<?xml version="1.0" encoding="UTF-8"?>
<!-- Generated by org.testng.reporters.JUnitReportReporter -->
<testsuite skipped="0" hostname="LAPTOP-642ERP7L" name="com.vtiger.testcases.VtigerSmokeTestCases" tests="2" failures="0" timestamp="2020-01-11T20:31:15 GMT" time="92.125" errors="0">
  <testcase name="createLead" time="70.197" classname="com.vtiger.testcases.VtigerSmokeTestCases"/>
  <testcase name="leadData" time="21.928" classname="com.vtiger.testcases.VtigerSmokeTestCases"/>
</testsuite> <!-- com.vtiger.testcases.VtigerSmokeTestCases -->
